Arguments: 
  D:\ProgramFiles\NodeJs\node.exe C:\Users\24560\AppData\Roaming\npm\node_modules\yarn\bin\yarn.js add sass -S

PATH: 
  C:\Windows\system32;C:\Windows;C:\Windows\System32\Wbem;C:\Windows\System32\WindowsPowerShell\v1.0\;C:\Windows\System32\OpenSSH\;C:\Program Files (x86)\NVIDIA Corporation\PhysX\Common;C:\Program Files\NVIDIA Corporation\NVIDIA NvDLISR;D:\ProgramFiles\NodeJs\;D:\ProgramFiles\Git\cmd;C:\WINDOWS\system32;C:\WINDOWS;C:\WINDOWS\System32\Wbem;C:\WINDOWS\System32\WindowsPowerShell\v1.0\;C:\WINDOWS\System32\OpenSSH\;C:\Users\24560\AppData\Local\Microsoft\WindowsApps;D:\ProgramFiles\bandZip\;D:\ProgramFiles\Microsoft VS Code\bin;C:\Users\24560\AppData\Roaming\npm;

Yarn version: 
  1.22.11

Node version: 
  14.17.6

Platform: 
  win32 x64

Trace: 
  Error: EPERM: operation not permitted, unlink 'D:\Users\24560\Desktop\manger-fe\node_modules\esbuild-windows-64\esbuild.exe'

npm manifest: 
  {
    "name": "manger-fe",
    "version": "0.0.0",
    "scripts": {
      "dev": "vite",
      "build": "vite build",
      "serve": "vite preview"
    },
    "dependencies": {
      "vue": "^3.2.16"
    },
    "devDependencies": {
      "@vitejs/plugin-vue": "^1.9.2",
      "vite": "^2.6.0"
    }
  }

yarn manifest: 
  No manifest

Lockfile: 
  No lockfile
